[05-Mar-2017 13:00:30 UTC] PHP Parse error:  syntax error, unexpected '<' in /home/ubuntu/workspace/php_basics_tasks/1.php on line 5
[05-Mar-2017 13:01:04 UTC] PHP Warning:  print_r() expects at least 1 parameter, 0 given in /home/ubuntu/workspace/php_basics_tasks/1.php on line 5
[05-Mar-2017 13:01:04 UTC] PHP Stack trace:
[05-Mar-2017 13:01:04 UTC] PHP   1. {main}() /home/ubuntu/workspace/php_basics_tasks/1.php:0
[05-Mar-2017 13:01:04 UTC] PHP   2. print_r() /home/ubuntu/workspace/php_basics_tasks/1.php:5
[05-Mar-2017 21:34:46 UTC] PHP Parse error:  syntax error, unexpected '$age' (T_VARIABLE), expecting ',' or ';' in /home/ubuntu/workspace/php_basics_tasks/1.php on line 7
[06-Mar-2017 06:17:09 UTC] PHP Parse error:  syntax error, unexpected '<' in /home/ubuntu/workspace/php_basics_tasks/1.php on line 13
[06-Mar-2017 06:17:36 UTC] PHP Parse error:  syntax error, unexpected '/' in /home/ubuntu/workspace/php_basics_tasks/1.php on line 12
[06-Mar-2017 08:45:46 UTC] PHP Parse error:  syntax error, unexpected 'if' (T_IF), expecting ',' or ';' in /home/ubuntu/workspace/php_basics_tasks/1.php on line 13
[06-Mar-2017 08:46:09 UTC] PHP Parse error:  syntax error, unexpected 'if' (T_IF), expecting ',' or ';' in /home/ubuntu/workspace/php_basics_tasks/1.php on line 13
[06-Mar-2017 08:46:13 UTC] PHP Parse error:  syntax error, unexpected 'if' (T_IF), expecting ',' or ';' in /home/ubuntu/workspace/php_basics_tasks/1.php on line 13
[06-Mar-2017 08:46:39 UTC] PHP Parse error:  syntax error, unexpected 'if' (T_IF), expecting ',' or ';' in /home/ubuntu/workspace/php_basics_tasks/1.php on line 13
[06-Mar-2017 08:48:25 UTC] PHP Parse error:  syntax error, unexpected 'if' (T_IF), expecting ',' or ';' in /home/ubuntu/workspace/php_basics_tasks/1.php on line 13
[08-Mar-2017 12:59:58 UTC] PHP Parse error:  syntax error, unexpected '}', expecting ',' or ';' in /home/ubuntu/workspace/php_basics_tasks/1.php on line 25
[08-Mar-2017 14:13:06 UTC] PHP Parse error:  syntax error, unexpected '}', expecting ',' or ';' in /home/ubuntu/workspace/php_basics_tasks/1.php on line 60
[08-Mar-2017 16:07:15 UTC] PHP Fatal error:  Undefined constant 'n' in /home/ubuntu/workspace/php_basics_tasks/9.php on line 5
[08-Mar-2017 16:07:15 UTC] PHP Stack trace:
[08-Mar-2017 16:07:15 UTC] PHP   1. {main}() /home/ubuntu/workspace/php_basics_tasks/9.php:0
[08-Mar-2017 16:08:20 UTC] PHP Fatal error:  Undefined constant 'n' in /home/ubuntu/workspace/php_basics_tasks/9.php on line 5
[08-Mar-2017 16:08:20 UTC] PHP Stack trace:
[08-Mar-2017 16:08:20 UTC] PHP   1. {main}() /home/ubuntu/workspace/php_basics_tasks/9.php:0
[08-Mar-2017 16:18:38 UTC] PHP Parse error:  syntax error, unexpected 'switch' (T_SWITCH), expecting ',' or ';' in /home/ubuntu/workspace/php_basics_tasks/9.php on line 8
[21-Mar-2017 13:20:43 UTC] PHP Parse error:  syntax error, unexpected '}', expecting ',' or ';' in /home/ubuntu/workspace/php_basics_tasks/18.php on line 12
[21-Mar-2017 13:21:06 UTC] PHP Parse error:  syntax error, unexpected '}', expecting ',' or ';' in /home/ubuntu/workspace/php_basics_tasks/18.php on line 12
[21-Mar-2017 20:41:55 UTC] PHP Parse error:  syntax error, unexpected '\' (T_NS_SEPARATOR) in /home/ubuntu/workspace/php_basics_tasks/20.php on line 7
[21-Mar-2017 20:42:07 UTC] PHP Fatal error:  Undefined constant 'n' in /home/ubuntu/workspace/php_basics_tasks/20.php on line 7
[21-Mar-2017 20:42:07 UTC] PHP Stack trace:
[21-Mar-2017 20:42:07 UTC] PHP   1. {main}() /home/ubuntu/workspace/php_basics_tasks/20.php:0
[21-Mar-2017 20:50:35 UTC] PHP Parse error:  syntax error, unexpected ',' in /home/ubuntu/workspace/php_basics_tasks/20.php on line 7
[21-Mar-2017 21:09:29 UTC] PHP Warning:  printf() expects at least 1 parameter, 0 given in /home/ubuntu/workspace/php_basics_tasks/23.php on line 6
[21-Mar-2017 21:09:29 UTC] PHP Stack trace:
[21-Mar-2017 21:09:29 UTC] PHP   1. {main}() /home/ubuntu/workspace/php_basics_tasks/23.php:0
[21-Mar-2017 21:09:29 UTC] PHP   2. printf() /home/ubuntu/workspace/php_basics_tasks/23.php:6
[21-Mar-2017 21:09:44 UTC] PHP Warning:  printf() expects at least 1 parameter, 0 given in /home/ubuntu/workspace/php_basics_tasks/23.php on line 6
[21-Mar-2017 21:09:44 UTC] PHP Stack trace:
[21-Mar-2017 21:09:44 UTC] PHP   1. {main}() /home/ubuntu/workspace/php_basics_tasks/23.php:0
[21-Mar-2017 21:09:44 UTC] PHP   2. printf() /home/ubuntu/workspace/php_basics_tasks/23.php:6
[21-Mar-2017 21:09:52 UTC] PHP Warning:  printf() expects at least 1 parameter, 0 given in /home/ubuntu/workspace/php_basics_tasks/23.php on line 6
[21-Mar-2017 21:09:52 UTC] PHP Stack trace:
[21-Mar-2017 21:09:52 UTC] PHP   1. {main}() /home/ubuntu/workspace/php_basics_tasks/23.php:0
[21-Mar-2017 21:09:52 UTC] PHP   2. printf() /home/ubuntu/workspace/php_basics_tasks/23.php:6
